<?xml version="1.0" encoding="UTF-8"?>
<!-- Generated by org.testng.reporters.JUnitXMLReporter -->
<testsuite ignored="0" hostname="Ranga" failures="0" tests="3" name="Bike Loan" time="0.01" errors="0" timestamp="2024-01-08T18:26:14 IST">
  <testcase classname="testnglearning.BikeLoanArjun" name="ArjunLoan" time="0.001"/>
  <testcase classname="testnglearning.BikeLoanRanga" name="Splender" time="0.001"/>
  <testcase classname="testnglearning.BikeLoanRanga" name="scooty" time="0.001"/>
</testsuite> <!-- Bike Loan -->
