<?xml version="1.0" encoding="UTF-8"?>
<!-- Generated by org.testng.reporters.JUnitXMLReporter -->
<testsuite ignored="0" hostname="Ranga" failures="0" tests="8" name="Personal Loan" time="0.067" errors="0" timestamp="2024-01-08T18:59:08 IST">
  <testcase classname="testnglearning.BikeLoanArjun" name="ArjunLoan" time="0.009"/>
  <testcase classname="testnglearning.BikeLoanRanga" name="Splender" time="0.0"/>
  <testcase classname="testnglearning.BikeLoanRanga" name="scooty" time="0.002"/>
  <testcase classname="testnglearning.RajeshLoan" name="rajeshln" time="0.002"/>
  <testcase classname="testnglearning.SatyaLoan" name="Action" time="0.001"/>
  <testcase classname="testnglearning.SatyaLoan" name="Action1" time="0.001"/>
  <testcase classname="testnglearning.SatyaLoan" name="Action2" time="0.001"/>
  <testcase classname="testnglearning.SatyaLoan" name="Satyaln" time="0.001"/>
</testsuite> <!-- Personal Loan -->
