<?xml version="1.0" encoding="UTF-8"?>
<!-- Generated by org.testng.reporters.JUnitXMLReporter -->
<testsuite ignored="3" hostname="Ranga" failures="0" tests="1" name="Personal Loan" time="0.039" errors="0" timestamp="2024-01-11T10:59:12 IST">
  <testcase classname="testnglearning.SatyaLoan" name="Satyaln" time="0.007"/>
  <testcase classname="testnglearning.SatyaLoan" name="Action" time="0.0">
    <ignored/>
  </testcase> <!-- Action -->
  <testcase classname="testnglearning.SatyaLoan" name="Action1" time="0.0">
    <ignored/>
  </testcase> <!-- Action1 -->
  <testcase classname="testnglearning.SatyaLoan" name="Action2" time="0.0">
    <ignored/>
  </testcase> <!-- Action2 -->
</testsuite> <!-- Personal Loan -->
