<?xml version="1.0" encoding="UTF-8"?>
<!-- Generated by org.testng.reporters.JUnitXMLReporter -->
<testsuite ignored="1" hostname="Ranga" failures="0" tests="3" name="Test" time="0.051" errors="0" timestamp="2024-01-08T19:06:34 IST">
  <testcase classname="testnglearning.SatyaLoan" name="Action" time="0.009"/>
  <testcase classname="testnglearning.SatyaLoan" name="Action1" time="0.001"/>
  <testcase classname="testnglearning.SatyaLoan" name="Satyaln" time="0.001"/>
  <testcase classname="testnglearning.SatyaLoan" name="Action2" time="0.0">
    <ignored/>
  </testcase> <!-- Action2 -->
</testsuite> <!-- Test -->
