<?xml version="1.0" encoding="UTF-8"?>
<testng-results ignored="3" total="4" passed="1" failed="0" skipped="0">
  <reporter-output>
  </reporter-output>
  <suite started-at="2024-01-11T10:59:12 IST" name="Bank Loan" finished-at="2024-01-11T10:59:12 IST" duration-ms="39">
    <groups>
    </groups>
    <test started-at="2024-01-11T10:59:12 IST" name="Personal Loan" finished-at="2024-01-11T10:59:12 IST" duration-ms="39">
      <class name="testnglearning.SatyaLoan">
        <test-method signature="Satyaln()[pri:0, instance:testnglearning.SatyaLoan@2525ff7e]" started-at="2024-01-11T10:59:12 IST" name="Satyaln" finished-at="2024-01-11T10:59:12 IST" duration-ms="7" status="PASS">
          <reporter-output>
          </reporter-output>
        </test-method> <!-- Satyaln -->
      </class> <!-- testnglearning.SatyaLoan -->
    </test> <!-- Personal Loan -->
  </suite> <!-- Bank Loan -->
</testng-results>
