<?xml version="1.0" encoding="UTF-8"?>
<testng-results ignored="0" total="8" passed="8" failed="0" skipped="0">
  <reporter-output>
  </reporter-output>
  <suite started-at="2024-01-11T10:59:07 IST" name="Bank Loan" finished-at="2024-01-11T10:59:07 IST" duration-ms="71">
    <groups>
    </groups>
    <test started-at="2024-01-11T10:59:07 IST" name="Personal Loan" finished-at="2024-01-11T10:59:07 IST" duration-ms="71">
      <class name="testnglearning.BikeLoanRanga">
        <test-method signature="Splender()[pri:0, instance:testnglearning.BikeLoanRanga@346d61be]" started-at="2024-01-11T10:59:07 IST" name="Splender" finished-at="2024-01-11T10:59:07 IST" duration-ms="1" status="PASS">
          <reporter-output>
          </reporter-output>
        </test-method> <!-- Splender -->
        <test-method signature="scooty()[pri:0, instance:testnglearning.BikeLoanRanga@346d61be]" started-at="2024-01-11T10:59:07 IST" name="scooty" finished-at="2024-01-11T10:59:07 IST" duration-ms="0" status="PASS">
          <reporter-output>
          </reporter-output>
        </test-method> <!-- scooty -->
      </class> <!-- testnglearning.BikeLoanRanga -->
      <class name="testnglearning.RajeshLoan">
        <test-method signature="rajeshln()[pri:0, instance:testnglearning.RajeshLoan@55536d9e]" started-at="2024-01-11T10:59:07 IST" name="rajeshln" finished-at="2024-01-11T10:59:07 IST" duration-ms="2" status="PASS">
          <reporter-output>
          </reporter-output>
        </test-method> <!-- rajeshln -->
      </class> <!-- testnglearning.RajeshLoan -->
      <class name="testnglearning.SatyaLoan">
        <test-method signature="Action()[pri:0, instance:testnglearning.SatyaLoan@62230c58]" started-at="2024-01-11T10:59:07 IST" name="Action" finished-at="2024-01-11T10:59:07 IST" duration-ms="2" status="PASS">
          <reporter-output>
          </reporter-output>
        </test-method> <!-- Action -->
        <test-method signature="Action1()[pri:0, instance:testnglearning.SatyaLoan@62230c58]" started-at="2024-01-11T10:59:07 IST" name="Action1" finished-at="2024-01-11T10:59:07 IST" duration-ms="0" status="PASS">
          <reporter-output>
          </reporter-output>
        </test-method> <!-- Action1 -->
        <test-method signature="Action2()[pri:0, instance:testnglearning.SatyaLoan@62230c58]" started-at="2024-01-11T10:59:07 IST" name="Action2" finished-at="2024-01-11T10:59:07 IST" duration-ms="5" status="PASS">
          <reporter-output>
          </reporter-output>
        </test-method> <!-- Action2 -->
        <test-method signature="Satyaln()[pri:0, instance:testnglearning.SatyaLoan@62230c58]" started-at="2024-01-11T10:59:07 IST" name="Satyaln" finished-at="2024-01-11T10:59:07 IST" duration-ms="2" status="PASS">
          <reporter-output>
          </reporter-output>
        </test-method> <!-- Satyaln -->
      </class> <!-- testnglearning.SatyaLoan -->
      <class name="testnglearning.BikeLoanArjun">
        <test-method signature="ArjunLoan()[pri:0, instance:testnglearning.BikeLoanArjun@55b53d44]" started-at="2024-01-11T10:59:07 IST" name="ArjunLoan" finished-at="2024-01-11T10:59:07 IST" duration-ms="10" status="PASS">
          <reporter-output>
          </reporter-output>
        </test-method> <!-- ArjunLoan -->
      </class> <!-- testnglearning.BikeLoanArjun -->
    </test> <!-- Personal Loan -->
  </suite> <!-- Bank Loan -->
</testng-results>
